\BOOKMARK [1][-]{section.1}{Einleitung}{}% 1
\BOOKMARK [1][-]{section.2}{Methode}{}% 2
\BOOKMARK [2][-]{subsection.2.1}{Lysimeter}{section.2}% 3
\BOOKMARK [2][-]{subsection.2.2}{FAO Penman-Monteith-Methode}{section.2}% 4
\BOOKMARK [2][-]{subsection.2.3}{Turc-Methode}{section.2}% 5
\BOOKMARK [2][-]{subsection.2.4}{Ivanov-Methode}{section.2}% 6
\BOOKMARK [2][-]{subsection.2.5}{Sensitivit\344tsanalyse}{section.2}% 7
\BOOKMARK [1][-]{section.3}{Resultate}{}% 8
\BOOKMARK [2][-]{subsection.3.1}{Korrelation zwischen realer Evapotranspiration und meteorologischen Variablen}{section.3}% 9
\BOOKMARK [2][-]{subsection.3.2}{Vergleich der verschiedenen Methoden zur Berechnung der potentiellen Evapotranspiration PET}{section.3}% 10
\BOOKMARK [2][-]{subsection.3.3}{Vergleich Raps und Weizen}{section.3}% 11
\BOOKMARK [2][-]{subsection.3.4}{Sensitivit\344tsanalyse}{section.3}% 12
\BOOKMARK [1][-]{section.4}{Diskussion}{}% 13
\BOOKMARK [2][-]{subsection.4.1}{Korrelation zwischen realer Evapotranspiration und meteorologischen Variablen}{section.4}% 14
\BOOKMARK [2][-]{subsection.4.2}{Vergleich der verschiedenen Methoden zur Berechnung der potentiellen Evapotranspiration PET}{section.4}% 15
\BOOKMARK [2][-]{subsection.4.3}{Vergleich Raps und Weizen}{section.4}% 16
\BOOKMARK [2][-]{subsection.4.4}{Sensitivit\344tsanalyse}{section.4}% 17
\BOOKMARK [1][-]{section.5}{Schlussfolgerung}{}% 18
\BOOKMARK [1][-]{appendix.A}{Penman-Monteith}{}% 19
\BOOKMARK [1][-]{appendix.B}{Korrelationskoeffizient}{}% 20
\BOOKMARK [1][-]{appendix.C}{potentielle Evapotranspiration}{}% 21
\BOOKMARK [1][-]{appendix.D}{Sensitivit\344tsanalyse}{}% 22
